<?xml version="1.0" encoding="UTF-8"?>
<!-- Generated by org.testng.reporters.JUnitReportReporter -->
<testsuite skipped="0" hostname="DESKTOP-1IO8JC1" name="com.crm.qa.testcases.LoginPageTest" tests="3" failures="0" timestamp="25 Aug 2019 19:19:09 GMT" time="53.267" errors="0">
  <testcase name="loginPageTitleTest" time="20.449" classname="com.crm.qa.testcases.LoginPageTest"/>
  <testcase name="crmLogoImageTest" time="15.052" classname="com.crm.qa.testcases.LoginPageTest"/>
  <testcase name="loginTest" time="17.766" classname="com.crm.qa.testcases.LoginPageTest"/>
</testsuite> <!-- com.crm.qa.testcases.LoginPageTest -->
