<?xml version="1.0" encoding="UTF-8"?>
<!-- Generated by org.testng.reporters.JUnitReportReporter -->
<testsuite skipped="0" hostname="DESKTOP-1IO8JC1" name="com.crm.qa.testcases.HomePageTest" tests="3" failures="0" timestamp="25 Aug 2019 19:19:09 GMT" time="56.561" errors="0">
  <testcase name="verifyHomePageTitleTest" time="18.378" classname="com.crm.qa.testcases.HomePageTest"/>
  <testcase name="verifyUserNameTest" time="18.857" classname="com.crm.qa.testcases.HomePageTest"/>
  <testcase name="verifyContactsLinkText" time="19.326" classname="com.crm.qa.testcases.HomePageTest"/>
</testsuite> <!-- com.crm.qa.testcases.HomePageTest -->
